<?xml version="1.0" encoding="UTF-8"?>
<testsuite xmlns:xsi="http://www.w3.org/2001/XMLSchema-instance" xsi:noNamespaceSchemaLocation="https://maven.apache.org/surefire/maven-surefire-plugin/xsd/surefire-test-report-3.0.xsd" version="3.0" name="TestRunner.Run" time="17.204" tests="1" errors="0" skipped="0" failures="0">
  <properties>
[...]
</properties>
  <testcase name="Successful login with valid credentials #1" classname="Login" time="15.605">
    <system-out><![CDATA[
@Sanity
Scenario: Successful login with valid credentials                    # Features/LoginFeature.feature:23
Setup method is executed..
[DEBUG] Resolution chrome=106 in cache (valid until 15:43:33 31/10/2022 IST)
[DEBUG] Resolution chrome106=106.0.5249.61 in cache (valid until 14:43:33 01/11/2022 IST)
[INFO] Using chromedriver 106.0.5249.61 (resolved driver for Chrome 106)
[DEBUG] Driver chromedriver 106.0.5249.61 found in cache
[INFO] Exporting webdriver.chrome.driver as C:\Windows\system32\config\systemprofile\.cache\selenium\chromedriver\win32\106.0.5249.61\chromedriver.exe
[DEBUG] Using SLF4J as the default logging framework
[DEBUG] -Dio.netty.leakDetection.level: simple
[DEBUG] -Dio.netty.leakDetection.targetRecords: 4
[DEBUG] Loaded default ResourceLeakDetector: io.netty.util.ResourceLeakDetector@30f74e79
[DEBUG] -Dio.netty.noUnsafe: false
[DEBUG] Java version: 11
[DEBUG] sun.misc.Unsafe.theUnsafe: available
[DEBUG] sun.misc.Unsafe.copyMemory: available
[DEBUG] sun.misc.Unsafe.storeFence: available
[DEBUG] java.nio.Buffer.address: available
[DEBUG] direct buffer constructor: unavailable: Reflective setAccessible(true) disabled
[DEBUG] java.nio.Bits.unaligned: available, true
[DEBUG] jdk.internal.misc.Unsafe.allocateUninitializedArray(int): unavailable: class io.netty.util.internal.PlatformDependent0$7 cannot access class jdk.internal.misc.Unsafe (in module java.base) because module java.base does not export jdk.internal.misc to unnamed module @4e423aa2
[DEBUG] java.nio.DirectByteBuffer.<init>(long, int): unavailable
[DEBUG] sun.misc.Unsafe: available
[DEBUG] maxDirectMemory: 2113929216 bytes (maybe)
[DEBUG] -Dio.netty.tmpdir: C:\Windows\TEMP (java.io.tmpdir)
[DEBUG] -Dio.netty.bitMode: 64 (sun.arch.data.model)
[DEBUG] Platform: Windows
[DEBUG] -Dio.netty.maxDirectMemory: -1 bytes
[DEBUG] -Dio.netty.uninitializedArrayAllocationThreshold: -1
[DEBUG] java.nio.ByteBuffer.cleaner(): available
[DEBUG] -Dio.netty.noPreferDirect: false
[DEBUG] org.jctools-core.MpscChunkedArrayQueue: available
[DEBUG] -Dio.netty.threadLocalMap.stringBuilder.initialSize: 1024
[DEBUG] -Dio.netty.threadLocalMap.stringBuilder.maxSize: 4096
[DEBUG] Default protocols (JDK): [TLSv1.3, TLSv1.2] 
[DEBUG] Default cipher suites (JDK): [TLS_ECDHE_ECDSA_WITH_AES_256_GCM_SHA384, TLS_ECDHE_ECDSA_WITH_AES_128_GCM_SHA256, TLS_ECDHE_RSA_WITH_AES_128_GCM_SHA256, TLS_ECDHE_RSA_WITH_AES_256_GCM_SHA384, TLS_ECDHE_RSA_WITH_AES_128_CBC_SHA, TLS_ECDHE_RSA_WITH_AES_256_CBC_SHA, TLS_RSA_WITH_AES_128_GCM_SHA256, TLS_RSA_WITH_AES_128_CBC_SHA, TLS_RSA_WITH_AES_256_CBC_SHA, TLS_AES_128_GCM_SHA256, TLS_AES_256_GCM_SHA384]
[DEBUG] -Dio.netty.eventLoopThreads: 8
[DEBUG] -Dio.netty.noKeySetOptimization: false
[DEBUG] -Dio.netty.selectorAutoRebuildThreshold: 512
[DEBUG] -Dio.netty.allocator.numHeapArenas: 8
[DEBUG] -Dio.netty.allocator.numDirectArenas: 8
[DEBUG] -Dio.netty.allocator.pageSize: 8192
[DEBUG] -Dio.netty.allocator.maxOrder: 9
[DEBUG] -Dio.netty.allocator.chunkSize: 4194304
[DEBUG] -Dio.netty.allocator.smallCacheSize: 256
[DEBUG] -Dio.netty.allocator.normalCacheSize: 64
[DEBUG] -Dio.netty.allocator.maxCachedBufferCapacity: 32768
[DEBUG] -Dio.netty.allocator.cacheTrimInterval: 8192
[DEBUG] -Dio.netty.allocator.cacheTrimIntervalMillis: 0
[DEBUG] -Dio.netty.allocator.useCacheForAllThreads: false
[DEBUG] -Dio.netty.allocator.maxCachedByteBuffersPerChunk: 1023
[DEBUG] -Dio.netty.allocator.type: pooled
[DEBUG] -Dio.netty.threadLocalDirectBufferSize: 0
[DEBUG] -Dio.netty.maxThreadLocalCharBufferSize: 16384
[DEBUG] -Dio.netty.processId: 11408 (auto-detected)
[DEBUG] -Djava.net.preferIPv4Stack: false
[DEBUG] -Djava.net.preferIPv6Addresses: false
[DEBUG] Loopback interface: lo (Software Loopback Interface 1, 127.0.0.1)
[DEBUG] Failed to get SOMAXCONN from sysctl and file \proc\sys\net\core\somaxconn. Default: 200
[DEBUG] -Dio.netty.machineId: d4:6a:6a:ff:fe:25:4e:81 (auto-detected)
[DEBUG] -Dio.netty.buffer.checkAccessible: true
[DEBUG] -Dio.netty.buffer.checkBounds: true
[DEBUG] Loaded default ResourceLeakDetector: io.netty.util.ResourceLeakDetector@57234024
[DEBUG] Using new Channel '[id: 0x45126865, L:/127.0.0.1:62254 - R:localhost/127.0.0.1:27589]' for 'POST' to '/session'
[DEBUG] -Dio.netty.recycler.maxCapacityPerThread: 4096
[DEBUG] -Dio.netty.recycler.ratio: 8
[DEBUG] -Dio.netty.recycler.chunkSize: 32
[DEBUG] -Dio.netty.recycler.blocking: false
[DEBUG] brotli4j not in the classpath; Brotli support will be unavailable.
[DEBUG] 

Request DefaultHttpRequest(decodeResult: success, version: HTTP/1.1)
POST /session HTTP/1.1
User-Agent: selenium/4.5.3 (java windows)
Content-Length: 365
Content-Type: application/json; charset=utf-8
host: localhost:27589
accept: */*

Response DefaultHttpResponse(decodeResult: success, version: HTTP/1.1)
HTTP/1.1 200 OK
Content-Type: application/json; charset=utf-8
cache-control: no-cache
content-length: 769

[DEBUG] Adding key: http://localhost:27589 for channel [id: 0x45126865, L:/127.0.0.1:62254 - R:localhost/127.0.0.1:27589]
[DEBUG] Using new Channel '[id: 0x6a520636, L:/127.0.0.1:62262 - R:localhost/127.0.0.1:62255]' for 'GET' to '/json/version'
[DEBUG] 

Request DefaultFullHttpRequest(decodeResult: success, version: HTTP/1.1, content: EmptyByteBufBE)
GET /json/version HTTP/1.1
User-Agent: selenium/4.5.3 (java windows)
host: localhost:62255
accept: */*

Response DefaultHttpResponse(decodeResult: success, version: HTTP/1.1)
HTTP/1.1 200 OK
Content-Type: application/json; charset=UTF-8
content-length: 424

[DEBUG] Adding key: http://localhost:62255 for channel [id: 0x6a520636, L:/127.0.0.1:62262 - R:localhost/127.0.0.1:62255]
[DEBUG] -Dio.netty.initialSeedUniquifier: 0x84cc3b6c73757154
[DEBUG] Using new Channel '[id: 0xb5c881b9, L:/127.0.0.1:62263 - R:localhost/127.0.0.1:62255]' for 'GET' to '/devtools/browser/19330851-f25e-4cbb-8b95-5268dce176dd'
[DEBUG] 

Request DefaultFullHttpRequest(decodeResult: success, version: HTTP/1.1, content: EmptyByteBufBE)
GET /devtools/browser/19330851-f25e-4cbb-8b95-5268dce176dd HTTP/1.1
upgrade: websocket
connection: upgrade
sec-websocket-key: JFU7ZWgcyHm+J2qXXcmXhw==
sec-websocket-version: 13
origin: http://localhost:62255
host: localhost:62255
accept: */*
user-agent: AHC/2.1

Response DefaultHttpResponse(decodeResult: success, version: HTTP/1.1)
HTTP/1.1 101 WebSocket Protocol Handshake
Upgrade: WebSocket
Connection: Upgrade
Sec-WebSocket-Accept: A0v+Pp3xPYRcCxU6Bl6BAnFR0FY=

  Given User opens Chrome Browser                                    # StepDefinition.StepDef.user_opens_chrome_browser()
[DEBUG] Using pooled Channel '[id: 0x45126865, L:/127.0.0.1:62254 - R:localhost/127.0.0.1:27589]' for 'POST' to 'http://localhost:27589/session/43a8b6e82c6680680f1c9365c7cccbcc/url'
[DEBUG] Using open Channel [id: 0x45126865, L:/127.0.0.1:62254 - R:localhost/127.0.0.1:27589] for POST '/session/43a8b6e82c6680680f1c9365c7cccbcc/url'
[DEBUG] Entry count for : http://localhost:62255 : 1
[DEBUG] Entry count for : http://localhost:62255 : 1
[DEBUG] 

Request DefaultHttpRequest(decodeResult: success, version: HTTP/1.1)
POST /session/43a8b6e82c6680680f1c9365c7cccbcc/url HTTP/1.1
User-Agent: selenium/4.5.3 (java windows)
Content-Length: 70
Content-Type: application/json; charset=utf-8
host: localhost:27589
accept: */*

Response DefaultHttpResponse(decodeResult: success, version: HTTP/1.1)
HTTP/1.1 200 OK
Content-Type: application/json; charset=utf-8
cache-control: no-cache
content-length: 14

[DEBUG] Adding key: http://localhost:27589 for channel [id: 0x45126865, L:/127.0.0.1:62254 - R:localhost/127.0.0.1:27589]
  When User opens url "https://admin-demo.nopcommerce.com/login"     # StepDefinition.StepDef.user_opens_url(java.lang.String)
[DEBUG] Using pooled Channel '[id: 0x45126865, L:/127.0.0.1:62254 - R:localhost/127.0.0.1:27589]' for 'POST' to 'http://localhost:27589/session/43a8b6e82c6680680f1c9365c7cccbcc/element'
[DEBUG] Using open Channel [id: 0x45126865, L:/127.0.0.1:62254 - R:localhost/127.0.0.1:27589] for POST '/session/43a8b6e82c6680680f1c9365c7cccbcc/element'
[DEBUG] 

Request DefaultHttpRequest(decodeResult: success, version: HTTP/1.1)
POST /session/43a8b6e82c6680680f1c9365c7cccbcc/element HTTP/1.1
User-Agent: selenium/4.5.3 (java windows)
Content-Length: 50
Content-Type: application/json; charset=utf-8
host: localhost:27589
accept: */*

Response DefaultHttpResponse(decodeResult: success, version: HTTP/1.1)
HTTP/1.1 200 OK
Content-Type: application/json; charset=utf-8
cache-control: no-cache
content-length: 88

[DEBUG] Adding key: http://localhost:27589 for channel [id: 0x45126865, L:/127.0.0.1:62254 - R:localhost/127.0.0.1:27589]
[DEBUG] Using pooled Channel '[id: 0x45126865, L:/127.0.0.1:62254 - R:localhost/127.0.0.1:27589]' for 'POST' to 'http://localhost:27589/session/43a8b6e82c6680680f1c9365c7cccbcc/element/d83d6b08-ce9a-4501-a3cd-f7aafa8bba8c/clear'
[DEBUG] Using open Channel [id: 0x45126865, L:/127.0.0.1:62254 - R:localhost/127.0.0.1:27589] for POST '/session/43a8b6e82c6680680f1c9365c7cccbcc/element/d83d6b08-ce9a-4501-a3cd-f7aafa8bba8c/clear'
[DEBUG] 

Request DefaultHttpRequest(decodeResult: success, version: HTTP/1.1)
POST /session/43a8b6e82c6680680f1c9365c7cccbcc/element/d83d6b08-ce9a-4501-a3cd-f7aafa8bba8c/clear HTTP/1.1
User-Agent: selenium/4.5.3 (java windows)
Content-Length: 50
Content-Type: application/json; charset=utf-8
host: localhost:27589
accept: */*

Response DefaultHttpResponse(decodeResult: success, version: HTTP/1.1)
HTTP/1.1 200 OK
Content-Type: application/json; charset=utf-8
cache-control: no-cache
content-length: 14

[DEBUG] Adding key: http://localhost:27589 for channel [id: 0x45126865, L:/127.0.0.1:62254 - R:localhost/127.0.0.1:27589]
[DEBUG] Using pooled Channel '[id: 0x45126865, L:/127.0.0.1:62254 - R:localhost/127.0.0.1:27589]' for 'POST' to 'http://localhost:27589/session/43a8b6e82c6680680f1c9365c7cccbcc/element'
[DEBUG] Using open Channel [id: 0x45126865, L:/127.0.0.1:62254 - R:localhost/127.0.0.1:27589] for POST '/session/43a8b6e82c6680680f1c9365c7cccbcc/element'
[DEBUG] 

Request DefaultHttpRequest(decodeResult: success, version: HTTP/1.1)
POST /session/43a8b6e82c6680680f1c9365c7cccbcc/element HTTP/1.1
User-Agent: selenium/4.5.3 (java windows)
Content-Length: 50
Content-Type: application/json; charset=utf-8
host: localhost:27589
accept: */*

Response DefaultHttpResponse(decodeResult: success, version: HTTP/1.1)
HTTP/1.1 200 OK
Content-Type: application/json; charset=utf-8
cache-control: no-cache
content-length: 88

[DEBUG] Adding key: http://localhost:27589 for channel [id: 0x45126865, L:/127.0.0.1:62254 - R:localhost/127.0.0.1:27589]
[DEBUG] Using pooled Channel '[id: 0x45126865, L:/127.0.0.1:62254 - R:localhost/127.0.0.1:27589]' for 'POST' to 'http://localhost:27589/session/43a8b6e82c6680680f1c9365c7cccbcc/element/d83d6b08-ce9a-4501-a3cd-f7aafa8bba8c/value'
[DEBUG] Using open Channel [id: 0x45126865, L:/127.0.0.1:62254 - R:localhost/127.0.0.1:27589] for POST '/session/43a8b6e82c6680680f1c9365c7cccbcc/element/d83d6b08-ce9a-4501-a3cd-f7aafa8bba8c/value'
[DEBUG] 

Request DefaultHttpRequest(decodeResult: success, version: HTTP/1.1)
POST /session/43a8b6e82c6680680f1c9365c7cccbcc/element/d83d6b08-ce9a-4501-a3cd-f7aafa8bba8c/value HTTP/1.1
User-Agent: selenium/4.5.3 (java windows)
Content-Length: 271
Content-Type: application/json; charset=utf-8
host: localhost:27589
accept: */*

Response DefaultHttpResponse(decodeResult: success, version: HTTP/1.1)
HTTP/1.1 200 OK
Content-Type: application/json; charset=utf-8
cache-control: no-cache
content-length: 14

[DEBUG] Adding key: http://localhost:27589 for channel [id: 0x45126865, L:/127.0.0.1:62254 - R:localhost/127.0.0.1:27589]
[DEBUG] Using pooled Channel '[id: 0x45126865, L:/127.0.0.1:62254 - R:localhost/127.0.0.1:27589]' for 'POST' to 'http://localhost:27589/session/43a8b6e82c6680680f1c9365c7cccbcc/element'
[DEBUG] Using open Channel [id: 0x45126865, L:/127.0.0.1:62254 - R:localhost/127.0.0.1:27589] for POST '/session/43a8b6e82c6680680f1c9365c7cccbcc/element'
[DEBUG] 

Request DefaultHttpRequest(decodeResult: success, version: HTTP/1.1)
POST /session/43a8b6e82c6680680f1c9365c7cccbcc/element HTTP/1.1
User-Agent: selenium/4.5.3 (java windows)
Content-Length: 53
Content-Type: application/json; charset=utf-8
host: localhost:27589
accept: */*

Response DefaultHttpResponse(decodeResult: success, version: HTTP/1.1)
HTTP/1.1 200 OK
Content-Type: application/json; charset=utf-8
cache-control: no-cache
content-length: 88

[DEBUG] Adding key: http://localhost:27589 for channel [id: 0x45126865, L:/127.0.0.1:62254 - R:localhost/127.0.0.1:27589]
[DEBUG] Using pooled Channel '[id: 0x45126865, L:/127.0.0.1:62254 - R:localhost/127.0.0.1:27589]' for 'POST' to 'http://localhost:27589/session/43a8b6e82c6680680f1c9365c7cccbcc/element/7ea375e5-5841-4b9d-b92f-83f592d1bc1c/clear'
[DEBUG] Using open Channel [id: 0x45126865, L:/127.0.0.1:62254 - R:localhost/127.0.0.1:27589] for POST '/session/43a8b6e82c6680680f1c9365c7cccbcc/element/7ea375e5-5841-4b9d-b92f-83f592d1bc1c/clear'
[DEBUG] 

Request DefaultHttpRequest(decodeResult: success, version: HTTP/1.1)
POST /session/43a8b6e82c6680680f1c9365c7cccbcc/element/7ea375e5-5841-4b9d-b92f-83f592d1bc1c/clear HTTP/1.1
User-Agent: selenium/4.5.3 (java windows)
Content-Length: 50
Content-Type: application/json; charset=utf-8
host: localhost:27589
accept: */*

Response DefaultHttpResponse(decodeResult: success, version: HTTP/1.1)
HTTP/1.1 200 OK
Content-Type: application/json; charset=utf-8
cache-control: no-cache
content-length: 14

[DEBUG] Adding key: http://localhost:27589 for channel [id: 0x45126865, L:/127.0.0.1:62254 - R:localhost/127.0.0.1:27589]
[DEBUG] Using pooled Channel '[id: 0x45126865, L:/127.0.0.1:62254 - R:localhost/127.0.0.1:27589]' for 'POST' to 'http://localhost:27589/session/43a8b6e82c6680680f1c9365c7cccbcc/element'
[DEBUG] Using open Channel [id: 0x45126865, L:/127.0.0.1:62254 - R:localhost/127.0.0.1:27589] for POST '/session/43a8b6e82c6680680f1c9365c7cccbcc/element'
[DEBUG] 

Request DefaultHttpRequest(decodeResult: success, version: HTTP/1.1)
POST /session/43a8b6e82c6680680f1c9365c7cccbcc/element HTTP/1.1
User-Agent: selenium/4.5.3 (java windows)
Content-Length: 53
Content-Type: application/json; charset=utf-8
host: localhost:27589
accept: */*

Response DefaultHttpResponse(decodeResult: success, version: HTTP/1.1)
HTTP/1.1 200 OK
Content-Type: application/json; charset=utf-8
cache-control: no-cache
content-length: 88

[DEBUG] Adding key: http://localhost:27589 for channel [id: 0x45126865, L:/127.0.0.1:62254 - R:localhost/127.0.0.1:27589]
[DEBUG] Using pooled Channel '[id: 0x45126865, L:/127.0.0.1:62254 - R:localhost/127.0.0.1:27589]' for 'POST' to 'http://localhost:27589/session/43a8b6e82c6680680f1c9365c7cccbcc/element/7ea375e5-5841-4b9d-b92f-83f592d1bc1c/value'
[DEBUG] Using open Channel [id: 0x45126865, L:/127.0.0.1:62254 - R:localhost/127.0.0.1:27589] for POST '/session/43a8b6e82c6680680f1c9365c7cccbcc/element/7ea375e5-5841-4b9d-b92f-83f592d1bc1c/value'
[DEBUG] 

Request DefaultHttpRequest(decodeResult: success, version: HTTP/1.1)
POST /session/43a8b6e82c6680680f1c9365c7cccbcc/element/7ea375e5-5841-4b9d-b92f-83f592d1bc1c/value HTTP/1.1
User-Agent: selenium/4.5.3 (java windows)
Content-Length: 131
Content-Type: application/json; charset=utf-8
host: localhost:27589
accept: */*

Response DefaultHttpResponse(decodeResult: success, version: HTTP/1.1)
HTTP/1.1 200 OK
Content-Type: application/json; charset=utf-8
cache-control: no-cache
content-length: 14

[DEBUG] Adding key: http://localhost:27589 for channel [id: 0x45126865, L:/127.0.0.1:62254 - R:localhost/127.0.0.1:27589]
  And User enter Email "admin@yourstore.com" and Password as "admin" # StepDefinition.StepDef.user_enter_email_and_password_as(java.lang.String,java.lang.String)
[DEBUG] Using pooled Channel '[id: 0x45126865, L:/127.0.0.1:62254 - R:localhost/127.0.0.1:27589]' for 'POST' to 'http://localhost:27589/session/43a8b6e82c6680680f1c9365c7cccbcc/element'
[DEBUG] Using open Channel [id: 0x45126865, L:/127.0.0.1:62254 - R:localhost/127.0.0.1:27589] for POST '/session/43a8b6e82c6680680f1c9365c7cccbcc/element'
[DEBUG] 

Request DefaultHttpRequest(decodeResult: success, version: HTTP/1.1)
POST /session/43a8b6e82c6680680f1c9365c7cccbcc/element HTTP/1.1
User-Agent: selenium/4.5.3 (java windows)
Content-Length: 87
Content-Type: application/json; charset=utf-8
host: localhost:27589
accept: */*

Response DefaultHttpResponse(decodeResult: success, version: HTTP/1.1)
HTTP/1.1 200 OK
Content-Type: application/json; charset=utf-8
cache-control: no-cache
content-length: 88

[DEBUG] Adding key: http://localhost:27589 for channel [id: 0x45126865, L:/127.0.0.1:62254 - R:localhost/127.0.0.1:27589]
[DEBUG] Using pooled Channel '[id: 0x45126865, L:/127.0.0.1:62254 - R:localhost/127.0.0.1:27589]' for 'POST' to 'http://localhost:27589/session/43a8b6e82c6680680f1c9365c7cccbcc/element/269a8946-1691-46a2-a5c4-395393fc1083/click'
[DEBUG] Using open Channel [id: 0x45126865, L:/127.0.0.1:62254 - R:localhost/127.0.0.1:27589] for POST '/session/43a8b6e82c6680680f1c9365c7cccbcc/element/269a8946-1691-46a2-a5c4-395393fc1083/click'
[DEBUG] Entry count for : http://localhost:62255 : 1
[DEBUG] Entry count for : http://localhost:62255 : 1
[DEBUG] Entry count for : http://localhost:62255 : 1
[DEBUG] Entry count for : http://localhost:62255 : 1
[DEBUG] 

Request DefaultHttpRequest(decodeResult: success, version: HTTP/1.1)
POST /session/43a8b6e82c6680680f1c9365c7cccbcc/element/269a8946-1691-46a2-a5c4-395393fc1083/click HTTP/1.1
User-Agent: selenium/4.5.3 (java windows)
Content-Length: 50
Content-Type: application/json; charset=utf-8
host: localhost:27589
accept: */*

Response DefaultHttpResponse(decodeResult: success, version: HTTP/1.1)
HTTP/1.1 200 OK
Content-Type: application/json; charset=utf-8
cache-control: no-cache
content-length: 14

[DEBUG] Adding key: http://localhost:27589 for channel [id: 0x45126865, L:/127.0.0.1:62254 - R:localhost/127.0.0.1:27589]
  And Click on Login                                                 # StepDefinition.StepDef.click_on_login()
[DEBUG] Using pooled Channel '[id: 0x45126865, L:/127.0.0.1:62254 - R:localhost/127.0.0.1:27589]' for 'GET' to 'http://localhost:27589/session/43a8b6e82c6680680f1c9365c7cccbcc/title'
[DEBUG] Using open Channel [id: 0x45126865, L:/127.0.0.1:62254 - R:localhost/127.0.0.1:27589] for GET '/session/43a8b6e82c6680680f1c9365c7cccbcc/title'
[DEBUG] 

Request DefaultFullHttpRequest(decodeResult: success, version: HTTP/1.1, content: EmptyByteBufBE)
GET /session/43a8b6e82c6680680f1c9365c7cccbcc/title HTTP/1.1
User-Agent: selenium/4.5.3 (java windows)
Cache-Control: no-cache
Content-Type: application/json; charset=utf-8
host: localhost:27589
accept: */*

Response DefaultHttpResponse(decodeResult: success, version: HTTP/1.1)
HTTP/1.1 200 OK
Content-Type: application/json; charset=utf-8
cache-control: no-cache
content-length: 50

[DEBUG] Adding key: http://localhost:27589 for channel [id: 0x45126865, L:/127.0.0.1:62254 - R:localhost/127.0.0.1:27589]
  Then Page Title should be "Dashboard / nopCommerce administration" # StepDefinition.StepDef.page_title_should_be(java.lang.String)
[DEBUG] Using pooled Channel '[id: 0x45126865, L:/127.0.0.1:62254 - R:localhost/127.0.0.1:27589]' for 'POST' to 'http://localhost:27589/session/43a8b6e82c6680680f1c9365c7cccbcc/element'
[DEBUG] Using open Channel [id: 0x45126865, L:/127.0.0.1:62254 - R:localhost/127.0.0.1:27589] for POST '/session/43a8b6e82c6680680f1c9365c7cccbcc/element'
[DEBUG] 

Request DefaultHttpRequest(decodeResult: success, version: HTTP/1.1)
POST /session/43a8b6e82c6680680f1c9365c7cccbcc/element HTTP/1.1
User-Agent: selenium/4.5.3 (java windows)
Content-Length: 47
Content-Type: application/json; charset=utf-8
host: localhost:27589
accept: */*

Response DefaultHttpResponse(decodeResult: success, version: HTTP/1.1)
HTTP/1.1 200 OK
Content-Type: application/json; charset=utf-8
cache-control: no-cache
content-length: 88

[DEBUG] Adding key: http://localhost:27589 for channel [id: 0x45126865, L:/127.0.0.1:62254 - R:localhost/127.0.0.1:27589]
[DEBUG] Using pooled Channel '[id: 0x45126865, L:/127.0.0.1:62254 - R:localhost/127.0.0.1:27589]' for 'POST' to 'http://localhost:27589/session/43a8b6e82c6680680f1c9365c7cccbcc/element/cb50380a-7835-4fd7-8abc-559086c0edf2/click'
[DEBUG] Using open Channel [id: 0x45126865, L:/127.0.0.1:62254 - R:localhost/127.0.0.1:27589] for POST '/session/43a8b6e82c6680680f1c9365c7cccbcc/element/cb50380a-7835-4fd7-8abc-559086c0edf2/click'
[DEBUG] Entry count for : http://localhost:62255 : 1
[DEBUG] 

Request DefaultHttpRequest(decodeResult: success, version: HTTP/1.1)
POST /session/43a8b6e82c6680680f1c9365c7cccbcc/element/cb50380a-7835-4fd7-8abc-559086c0edf2/click HTTP/1.1
User-Agent: selenium/4.5.3 (java windows)
Content-Length: 50
Content-Type: application/json; charset=utf-8
host: localhost:27589
accept: */*

Response DefaultHttpResponse(decodeResult: success, version: HTTP/1.1)
HTTP/1.1 200 OK
Content-Type: application/json; charset=utf-8
cache-control: no-cache
content-length: 14

[DEBUG] Adding key: http://localhost:27589 for channel [id: 0x45126865, L:/127.0.0.1:62254 - R:localhost/127.0.0.1:27589]
[DEBUG] Entry count for : http://localhost:27589 : 1
[DEBUG] Entry count for : http://localhost:62255 : 1
[DEBUG] Entry count for : http://localhost:27589 : 1
[DEBUG] Entry count for : http://localhost:62255 : 1
  When user click on Log out link                                    # StepDefinition.StepDef.user_click_on_log_out_link()
[DEBUG] Using pooled Channel '[id: 0x45126865, L:/127.0.0.1:62254 - R:localhost/127.0.0.1:27589]' for 'GET' to 'http://localhost:27589/session/43a8b6e82c6680680f1c9365c7cccbcc/title'
[DEBUG] Using open Channel [id: 0x45126865, L:/127.0.0.1:62254 - R:localhost/127.0.0.1:27589] for GET '/session/43a8b6e82c6680680f1c9365c7cccbcc/title'
[DEBUG] 

Request DefaultFullHttpRequest(decodeResult: success, version: HTTP/1.1, content: EmptyByteBufBE)
GET /session/43a8b6e82c6680680f1c9365c7cccbcc/title HTTP/1.1
User-Agent: selenium/4.5.3 (java windows)
Cache-Control: no-cache
Content-Type: application/json; charset=utf-8
host: localhost:27589
accept: */*

Response DefaultHttpResponse(decodeResult: success, version: HTTP/1.1)
HTTP/1.1 200 OK
Content-Type: application/json; charset=utf-8
cache-control: no-cache
content-length: 29

[DEBUG] Adding key: http://localhost:27589 for channel [id: 0x45126865, L:/127.0.0.1:62254 - R:localhost/127.0.0.1:27589]
  Then Page Title should be "Your store. Login"                      # StepDefinition.StepDef.page_title_should_be(java.lang.String)
[DEBUG] Using pooled Channel '[id: 0x45126865, L:/127.0.0.1:62254 - R:localhost/127.0.0.1:27589]' for 'DELETE' to 'http://localhost:27589/session/43a8b6e82c6680680f1c9365c7cccbcc/window'
[DEBUG] Using open Channel [id: 0x45126865, L:/127.0.0.1:62254 - R:localhost/127.0.0.1:27589] for DELETE '/session/43a8b6e82c6680680f1c9365c7cccbcc/window'
[DEBUG] Unexpected I/O exception on channel [id: 0x6a520636, L:/127.0.0.1:62262 - R:localhost/127.0.0.1:62255]
java.io.IOException: An existing connection was forcibly closed by the remote host
	at java.base/sun.nio.ch.SocketDispatcher.read0(Native Method) ~[na:na]
	at java.base/sun.nio.ch.SocketDispatcher.read(SocketDispatcher.java:43) ~[na:na]
	at java.base/sun.nio.ch.IOUtil.readIntoNativeBuffer(IOUtil.java:276) ~[na:na]
	at java.base/sun.nio.ch.IOUtil.read(IOUtil.java:233) ~[na:na]
	at java.base/sun.nio.ch.IOUtil.read(IOUtil.java:223) ~[na:na]
	at java.base/sun.nio.ch.SocketChannelImpl.read(SocketChannelImpl.java:358) ~[na:na]
	at io.netty.buffer.PooledByteBuf.setBytes(PooledByteBuf.java:259) ~[netty-buffer-4.1.84.Final.jar:4.1.84.Final]
	at io.netty.buffer.AbstractByteBuf.writeBytes(AbstractByteBuf.java:1132) ~[netty-buffer-4.1.84.Final.jar:4.1.84.Final]
	at io.netty.channel.socket.nio.NioSocketChannel.doReadBytes(NioSocketChannel.java:357) ~[netty-transport-4.1.84.Final.jar:4.1.84.Final]
	at io.netty.channel.nio.AbstractNioByteChannel$NioByteUnsafe.read(AbstractNioByteChannel.java:151) ~[netty-transport-4.1.84.Final.jar:4.1.84.Final]
	at io.netty.channel.nio.NioEventLoop.processSelectedKey(NioEventLoop.java:788) ~[netty-transport-4.1.84.Final.jar:4.1.84.Final]
	at io.netty.channel.nio.NioEventLoop.processSelectedKeysOptimized(NioEventLoop.java:724) ~[netty-transport-4.1.84.Final.jar:4.1.84.Final]
	at io.netty.channel.nio.NioEventLoop.processSelectedKeys(NioEventLoop.java:650) ~[netty-transport-4.1.84.Final.jar:4.1.84.Final]
	at io.netty.channel.nio.NioEventLoop.run(NioEventLoop.java:562) ~[netty-transport-4.1.84.Final.jar:4.1.84.Final]
	at io.netty.util.concurrent.SingleThreadEventExecutor$4.run(SingleThreadEventExecutor.java:997) ~[netty-common-4.1.84.Final.jar:4.1.84.Final]
	at io.netty.util.internal.ThreadExecutorMap$2.run(ThreadExecutorMap.java:74) ~[netty-common-4.1.84.Final.jar:4.1.84.Final]
	at io.netty.util.concurrent.FastThreadLocalRunnable.run(FastThreadLocalRunnable.java:30) ~[netty-common-4.1.84.Final.jar:4.1.84.Final]
	at java.base/java.lang.Thread.run(Thread.java:834) ~[na:na]
[DEBUG] Unexpected I/O exception on channel [id: 0xb5c881b9, L:/127.0.0.1:62263 - R:localhost/127.0.0.1:62255]
java.io.IOException: An existing connection was forcibly closed by the remote host
	at java.base/sun.nio.ch.SocketDispatcher.read0(Native Method) ~[na:na]
	at java.base/sun.nio.ch.SocketDispatcher.read(SocketDispatcher.java:43) ~[na:na]
	at java.base/sun.nio.ch.IOUtil.readIntoNativeBuffer(IOUtil.java:276) ~[na:na]
	at java.base/sun.nio.ch.IOUtil.read(IOUtil.java:233) ~[na:na]
	at java.base/sun.nio.ch.IOUtil.read(IOUtil.java:223) ~[na:na]
	at java.base/sun.nio.ch.SocketChannelImpl.read(SocketChannelImpl.java:358) ~[na:na]
	at io.netty.buffer.PooledByteBuf.setBytes(PooledByteBuf.java:259) ~[netty-buffer-4.1.84.Final.jar:4.1.84.Final]
	at io.netty.buffer.AbstractByteBuf.writeBytes(AbstractByteBuf.java:1132) ~[netty-buffer-4.1.84.Final.jar:4.1.84.Final]
	at io.netty.channel.socket.nio.NioSocketChannel.doReadBytes(NioSocketChannel.java:357) ~[netty-transport-4.1.84.Final.jar:4.1.84.Final]
	at io.netty.channel.nio.AbstractNioByteChannel$NioByteUnsafe.read(AbstractNioByteChannel.java:151) ~[netty-transport-4.1.84.Final.jar:4.1.84.Final]
	at io.netty.channel.nio.NioEventLoop.processSelectedKey(NioEventLoop.java:788) ~[netty-transport-4.1.84.Final.jar:4.1.84.Final]
	at io.netty.channel.nio.NioEventLoop.processSelectedKeysOptimized(NioEventLoop.java:724) ~[netty-transport-4.1.84.Final.jar:4.1.84.Final]
	at io.netty.channel.nio.NioEventLoop.processSelectedKeys(NioEventLoop.java:650) ~[netty-transport-4.1.84.Final.jar:4.1.84.Final]
	at io.netty.channel.nio.NioEventLoop.run(NioEventLoop.java:562) ~[netty-transport-4.1.84.Final.jar:4.1.84.Final]
	at io.netty.util.concurrent.SingleThreadEventExecutor$4.run(SingleThreadEventExecutor.java:997) ~[netty-common-4.1.84.Final.jar:4.1.84.Final]
	at io.netty.util.internal.ThreadExecutorMap$2.run(ThreadExecutorMap.java:74) ~[netty-common-4.1.84.Final.jar:4.1.84.Final]
	at io.netty.util.concurrent.FastThreadLocalRunnable.run(FastThreadLocalRunnable.java:30) ~[netty-common-4.1.84.Final.jar:4.1.84.Final]
	at java.base/java.lang.Thread.run(Thread.java:834) ~[na:na]
[DEBUG] Closing Channel [id: 0x6a520636, L:/127.0.0.1:62262 - R:localhost/127.0.0.1:62255] 
[DEBUG] Trying to recover from dead Channel: [id: 0xb5c881b9, L:/127.0.0.1:62263 - R:localhost/127.0.0.1:62255]
[DEBUG] Channel Closed: [id: 0xb5c881b9, L:/127.0.0.1:62263 ! R:localhost/127.0.0.1:62255] with attribute NettyResponseFuture{currentRetry=0,
	isDone=1,
	isCancelled=0,
	asyncHandler=org.asynchttpclient.ws.WebSocketUpgradeHandler@4ce60795,
	nettyRequest=org.asynchttpclient.netty.request.NettyRequest@41a475db,
	future=java.util.concurrent.CompletableFuture@3b414994[Completed normally],
	uri=ws://localhost:62255/devtools/browser/19330851-f25e-4cbb-8b95-5268dce176dd,
	keepAlive=true,
	redirectCount=0,
	timeoutsHolder=null,
	inAuth=0,
	touch=1667208746448}
[DEBUG] Closing Channel [id: 0xb5c881b9, L:/127.0.0.1:62263 ! R:localhost/127.0.0.1:62255] 
[DEBUG] Channel Closed: [id: 0x6a520636, L:/127.0.0.1:62262 ! R:localhost/127.0.0.1:62255] with attribute DISCARD
[DEBUG] 

Request DefaultFullHttpRequest(decodeResult: success, version: HTTP/1.1, content: EmptyByteBufBE)
DELETE /session/43a8b6e82c6680680f1c9365c7cccbcc/window HTTP/1.1
User-Agent: selenium/4.5.3 (java windows)
Content-Type: application/json; charset=utf-8
host: localhost:27589
accept: */*

Response DefaultHttpResponse(decodeResult: success, version: HTTP/1.1)
HTTP/1.1 200 OK
Content-Type: application/json; charset=utf-8
cache-control: no-cache
content-length: 12

[DEBUG] Adding key: http://localhost:27589 for channel [id: 0x45126865, L:/127.0.0.1:62254 - R:localhost/127.0.0.1:27589]
  And close browser                                                  # StepDefinition.StepDef.close_browser()
Teardown method is executed..
[DEBUG] Using pooled Channel '[id: 0x45126865, L:/127.0.0.1:62254 - R:localhost/127.0.0.1:27589]' for 'DELETE' to 'http://localhost:27589/session/43a8b6e82c6680680f1c9365c7cccbcc'
[DEBUG] Using open Channel [id: 0x45126865, L:/127.0.0.1:62254 - R:localhost/127.0.0.1:27589] for DELETE '/session/43a8b6e82c6680680f1c9365c7cccbcc'
[DEBUG] 

Request DefaultFullHttpRequest(decodeResult: success, version: HTTP/1.1, content: EmptyByteBufBE)
DELETE /session/43a8b6e82c6680680f1c9365c7cccbcc HTTP/1.1
User-Agent: selenium/4.5.3 (java windows)
Content-Type: application/json; charset=utf-8
host: localhost:27589
accept: */*

Response DefaultHttpResponse(decodeResult: success, version: HTTP/1.1)
HTTP/1.1 200 OK
Content-Type: application/json; charset=utf-8
cache-control: no-cache
content-length: 14

[DEBUG] Adding key: http://localhost:27589 for channel [id: 0x45126865, L:/127.0.0.1:62254 - R:localhost/127.0.0.1:27589]
[DEBUG] Channel Closed: [id: 0x45126865, L:/127.0.0.1:62254 ! R:localhost/127.0.0.1:27589] with attribute DISCARD
[DEBUG] Entry count for : http://localhost:27589 : 1
[DEBUG] Entry count for : http://localhost:62255 : 1
[DEBUG] Adding Candidate expired Channel [id: 0x45126865, L:/127.0.0.1:62254 ! R:localhost/127.0.0.1:27589] isIdleTimeoutExpired=false isRemotelyClosed=true isTtlExpired=false
[DEBUG] Closing Idle Channel [id: 0x45126865, L:/127.0.0.1:62254 ! R:localhost/127.0.0.1:27589]
[DEBUG] Adding Candidate expired Channel [id: 0x6a520636, L:/127.0.0.1:62262 ! R:localhost/127.0.0.1:62255] isIdleTimeoutExpired=false isRemotelyClosed=true isTtlExpired=false
[DEBUG] Closing Idle Channel [id: 0x6a520636, L:/127.0.0.1:62262 ! R:localhost/127.0.0.1:62255]
[DEBUG] Closed 2 connections out of 2 in 1 ms
]]></system-out>
    <system-err><![CDATA[Starting ChromeDriver 106.0.5249.61 (511755355844955cd3e264779baf0dd38212a4d0-refs/branch-heads/5249@{#569}) on port 27589
Only local connections are allowed.
Please see https://chromedriver.chromium.org/security-considerations for suggestions on keeping ChromeDriver safe.
ChromeDriver was started successfully.
]]></system-err>
  </testcase>
</testsuite>